Starting >>> visionpilot
--- stderr: visionpilot
CMake Warning:
  Manually-specified variables were not used by the project:

    CMAKE_C_COMPILER


/autoware_ws/src/autoware_vision_pilot/VisionPilot/Production_Releases/0.9/src/tracking/feature_matching_utils.cpp:91:18: warning: format string is not a string literal (potentially insecure) [-Wformat-security]
   91 |         LOG_INFO(("Feature matching exception: " + std::string(e.what())).c_str());
      |                  ^~~~~~~~~~~~~~~~~~~~~~~~~~~~~~~~~~~~~~~~~~~~~~~~~~~~~~~~~~~~~~~~
/autoware_ws/src/autoware_vision_pilot/VisionPilot/Production_Releases/0.9/src/tracking/../../include/tracking/logging.hpp:21:32: note: expanded from macro 'LOG_INFO'
   21 |   #define LOG_INFO(...) printf(__VA_ARGS__);printf("\n")
      |                                ^~~~~~~~~~~
/autoware_ws/src/autoware_vision_pilot/VisionPilot/Production_Releases/0.9/src/tracking/feature_matching_utils.cpp:91:18: note: treat the string as an argument to avoid this
   91 |         LOG_INFO(("Feature matching exception: " + std::string(e.what())).c_str());
      |                  ^
      |                  "%s", 
/autoware_ws/src/autoware_vision_pilot/VisionPilot/Production_Releases/0.9/src/tracking/../../include/tracking/logging.hpp:21:32: note: expanded from macro 'LOG_INFO'
   21 |   #define LOG_INFO(...) printf(__VA_ARGS__);printf("\n")
      |                                ^
/autoware_ws/src/autoware_vision_pilot/VisionPilot/Production_Releases/0.9/src/tracking/feature_matching_utils.cpp:149:14: warning: format string is not a string literal (potentially insecure) [-Wformat-security]
  149 |     LOG_INFO(("Feature match confidence: " + std::to_string(confidence) + 
      |              ^~~~~~~~~~~~~~~~~~~~~~~~~~~~~~~~~~~~~~~~~~~~~~~~~~~~~~~~~~~~
  150 |               " (threshold: " + std::to_string(confidence_threshold) + ")").c_str());
      |               ~~~~~~~~~~~~~~~~~~~~~~~~~~~~~~~~~~~~~~~~~~~~~~~~~~~~~~~~~~~~~~~~~~~~~
/autoware_ws/src/autoware_vision_pilot/VisionPilot/Production_Releases/0.9/src/tracking/../../include/tracking/logging.hpp:21:32: note: expanded from macro 'LOG_INFO'
   21 |   #define LOG_INFO(...) printf(__VA_ARGS__);printf("\n")
      |                                ^~~~~~~~~~~
/autoware_ws/src/autoware_vision_pilot/VisionPilot/Production_Releases/0.9/src/tracking/feature_matching_utils.cpp:149:14: note: treat the string as an argument to avoid this
  149 |     LOG_INFO(("Feature match confidence: " + std::to_string(confidence) + 
      |              ^
      |              "%s", 
/autoware_ws/src/autoware_vision_pilot/VisionPilot/Production_Releases/0.9/src/tracking/../../include/tracking/logging.hpp:21:32: note: expanded from macro 'LOG_INFO'
   21 |   #define LOG_INFO(...) printf(__VA_ARGS__);printf("\n")
      |                                ^
/autoware_ws/src/autoware_vision_pilot/VisionPilot/Production_Releases/0.9/src/inference/autospeed/onnxruntime_engine.cpp:52:12: warning: format specifies type 'long long' but the argument has type 'value_type' (aka 'long') [-Wformat]
   51 |   LOG_INFO("[onnxrt_engine] Output shape (static/dynamic): [%lld, %lld, %lld]", 
      |                                                             ~~~~
      |                                                             %ld
   52 |            output_shape[0], output_shape[1], output_shape[2]);
      |            ^~~~~~~~~~~~~~~
/autoware_ws/src/autoware_vision_pilot/VisionPilot/Production_Releases/0.9/include/tracking/logging.hpp:21:32: note: expanded from macro 'LOG_INFO'
   21 |   #define LOG_INFO(...) printf(__VA_ARGS__);printf("\n")
      |                                ^~~~~~~~~~~
/autoware_ws/src/autoware_vision_pilot/VisionPilot/Production_Releases/0.9/src/inference/autospeed/onnxruntime_engine.cpp:52:29: warning: format specifies type 'long long' but the argument has type 'value_type' (aka 'long') [-Wformat]
   51 |   LOG_INFO("[onnxrt_engine] Output shape (static/dynamic): [%lld, %lld, %lld]", 
      |                                                                   ~~~~
      |                                                                   %ld
   52 |            output_shape[0], output_shape[1], output_shape[2]);
      |                             ^~~~~~~~~~~~~~~
/autoware_ws/src/autoware_vision_pilot/VisionPilot/Production_Releases/0.9/include/tracking/logging.hpp:21:32: note: expanded from macro 'LOG_INFO'
   21 |   #define LOG_INFO(...) printf(__VA_ARGS__);printf("\n")
      |                                ^~~~~~~~~~~
/autoware_ws/src/autoware_vision_pilot/VisionPilot/Production_Releases/0.9/src/inference/autospeed/onnxruntime_engine.cpp:52:46: warning: format specifies type 'long long' but the argument has type 'value_type' (aka 'long') [-Wformat]
   51 |   LOG_INFO("[onnxrt_engine] Output shape (static/dynamic): [%lld, %lld, %lld]", 
      |                                                                         ~~~~
      |                                                                         %ld
   52 |            output_shape[0], output_shape[1], output_shape[2]);
      |                                              ^~~~~~~~~~~~~~~
/autoware_ws/src/autoware_vision_pilot/VisionPilot/Production_Releases/0.9/include/tracking/logging.hpp:21:32: note: expanded from macro 'LOG_INFO'
   21 |   #define LOG_INFO(...) printf(__VA_ARGS__);printf("\n")
      |                                ^~~~~~~~~~~
/autoware_ws/src/autoware_vision_pilot/VisionPilot/Production_Releases/0.9/src/tracking/object_finder.cpp:50:26: warning: format string is not a string literal (potentially insecure) [-Wformat-security]
   50 |                 LOG_INFO(("Loaded homography matrix from " + homography_yaml).c_str());
      |                          ^~~~~~~~~~~~~~~~~~~~~~~~~~~~~~~~~~~~~~~~~~~~~~~~~~~~~~~~~~~~
/autoware_ws/src/autoware_vision_pilot/VisionPilot/Production_Releases/0.9/src/tracking/../../include/tracking/logging.hpp:21:32: note: expanded from macro 'LOG_INFO'
   21 |   #define LOG_INFO(...) printf(__VA_ARGS__);printf("\n")
      |                                ^~~~~~~~~~~
/autoware_ws/src/autoware_vision_pilot/VisionPilot/Production_Releases/0.9/src/tracking/object_finder.cpp:50:26: note: treat the string as an argument to avoid this
   50 |                 LOG_INFO(("Loaded homography matrix from " + homography_yaml).c_str());
      |                          ^
      |                          "%s", 
/autoware_ws/src/autoware_vision_pilot/VisionPilot/Production_Releases/0.9/src/tracking/../../include/tracking/logging.hpp:21:32: note: expanded from macro 'LOG_INFO'
   21 |   #define LOG_INFO(...) printf(__VA_ARGS__);printf("\n")
      |                                ^
/autoware_ws/src/autoware_vision_pilot/VisionPilot/Production_Releases/0.9/src/tracking/object_finder.cpp:51:14: warning: format string is not a string literal (potentially insecure) [-Wformat-security]
   51 |     LOG_INFO(("Image dimensions for tracking: " + std::to_string(image_width_) + 
      |              ^~~~~~~~~~~~~~~~~~~~~~~~~~~~~~~~~~~~~~~~~~~~~~~~~~~~~~~~~~~~~~~~~~~
   52 |               "x" + std::to_string(image_height_)).c_str());
      |               ~~~~~~~~~~~~~~~~~~~~~~~~~~~~~~~~~~~~~~~~~~~~
/autoware_ws/src/autoware_vision_pilot/VisionPilot/Production_Releases/0.9/src/tracking/../../include/tracking/logging.hpp:21:32: note: expanded from macro 'LOG_INFO'
   21 |   #define LOG_INFO(...) printf(__VA_ARGS__);printf("\n")
      |                                ^~~~~~~~~~~
/autoware_ws/src/autoware_vision_pilot/VisionPilot/Production_Releases/0.9/src/tracking/object_finder.cpp:51:14: note: treat the string as an argument to avoid this
   51 |     LOG_INFO(("Image dimensions for tracking: " + std::to_string(image_width_) + 
      |              ^
      |              "%s", 
/autoware_ws/src/autoware_vision_pilot/VisionPilot/Production_Releases/0.9/src/tracking/../../include/tracking/logging.hpp:21:32: note: expanded from macro 'LOG_INFO'
   21 |   #define LOG_INFO(...) printf(__VA_ARGS__);printf("\n")
      |                                ^
2 warnings generated.
/autoware_ws/src/autoware_vision_pilot/VisionPilot/Production_Releases/0.9/src/tracking/object_finder.cpp:126:26: warning: format string is not a string literal (potentially insecure) [-Wformat-security]
  126 |                 LOG_INFO(("  Association: Detection " + std::to_string(det_idx) + 
      |                          ^~~~~~~~~~~~~~~~~~~~~~~~~~~~~~~~~~~~~~~~~~~~~~~~~~~~~~~~
  127 |                           " <-> Track " + std::to_string(previous_objects_[best_track_idx].track_id) +
      |                           ~~~~~~~~~~~~~~~~~~~~~~~~~~~~~~~~~~~~~~~~~~~~~~~~~~~~~~~~~~~~~~~~~~~~~~~~~~~~
  128 |                           " (score=" + std::to_string(best_score) + ")").c_str());
      |                           ~~~~~~~~~~~~~~~~~~~~~~~~~~~~~~~~~~~~~~~~~~~~~~~~~~~~~~
/autoware_ws/src/autoware_vision_pilot/VisionPilot/Production_Releases/0.9/src/tracking/../../include/tracking/logging.hpp:21:32: note: expanded from macro 'LOG_INFO'
   21 |   #define LOG_INFO(...) printf(__VA_ARGS__);printf("\n")
      |                                ^~~~~~~~~~~
/autoware_ws/src/autoware_vision_pilot/VisionPilot/Production_Releases/0.9/src/tracking/object_finder.cpp:126:26: note: treat the string as an argument to avoid this
  126 |                 LOG_INFO(("  Association: Detection " + std::to_string(det_idx) + 
      |                          ^
      |                          "%s", 
/autoware_ws/src/autoware_vision_pilot/VisionPilot/Production_Releases/0.9/src/tracking/../../include/tracking/logging.hpp:21:32: note: expanded from macro 'LOG_INFO'
   21 |   #define LOG_INFO(...) printf(__VA_ARGS__);printf("\n")
      |                                ^
/autoware_ws/src/autoware_vision_pilot/VisionPilot/Production_Releases/0.9/src/tracking/object_finder.cpp:149:26: warning: format string is not a string literal (potentially insecure) [-Wformat-security]
  149 |                 LOG_INFO(("  Detection " + std::to_string(i) + ": class=" + 
      |                          ^~~~~~~~~~~~~~~~~~~~~~~~~~~~~~~~~~~~~~~~~~~~~~~~~~
  150 |                           std::to_string(detections[i].class_id) + " conf=" + 
      |                           ~~~~~~~~~~~~~~~~~~~~~~~~~~~~~~~~~~~~~~~~~~~~~~~~~~~
  151 |                           std::to_string(detections[i].confidence)).c_str());
      |                           ~~~~~~~~~~~~~~~~~~~~~~~~~~~~~~~~~~~~~~~~~~~~~~~~~
/autoware_ws/src/autoware_vision_pilot/VisionPilot/Production_Releases/0.9/src/tracking/../../include/tracking/logging.hpp:21:32: note: expanded from macro 'LOG_INFO'
   21 |   #define LOG_INFO(...) printf(__VA_ARGS__);printf("\n")
      |                                ^~~~~~~~~~~
/autoware_ws/src/autoware_vision_pilot/VisionPilot/Production_Releases/0.9/src/tracking/object_finder.cpp:149:26: note: treat the string as an argument to avoid this
  149 |                 LOG_INFO(("  Detection " + std::to_string(i) + ": class=" + 
      |                          ^
      |                          "%s", 
/autoware_ws/src/autoware_vision_pilot/VisionPilot/Production_Releases/0.9/src/tracking/../../include/tracking/logging.hpp:21:32: note: expanded from macro 'LOG_INFO'
   21 |   #define LOG_INFO(...) printf(__VA_ARGS__);printf("\n")
      |                                ^
/autoware_ws/src/autoware_vision_pilot/VisionPilot/Production_Releases/0.9/src/tracking/object_finder.cpp:201:26: warning: format string is not a string literal (potentially insecure) [-Wformat-security]
  201 |                 LOG_INFO(("  -> MATCHED Track " + std::to_string(obj.track_id) + 
      |                          ^~~~~~~~~~~~~~~~~~~~~~~~~~~~~~~~~~~~~~~~~~~~~~~~~~~~~~~
  202 |                           " (class=" + std::to_string(obj.class_id) + ")" +
      |                           ~~~~~~~~~~~~~~~~~~~~~~~~~~~~~~~~~~~~~~~~~~~~~~~~~
  203 |                           " | dt=" + std::to_string(dt) + "s" +
      |                           ~~~~~~~~~~~~~~~~~~~~~~~~~~~~~~~~~~~~~
  204 |                           " | Raw: " + std::to_string(measured_distance) + "m" +
      |                           ~~~~~~~~~~~~~~~~~~~~~~~~~~~~~~~~~~~~~~~~~~~~~~~~~~~~~~
  205 |                           " | Filtered: " + std::to_string(obj.distance_m) + "m" +
      |                           ~~~~~~~~~~~~~~~~~~~~~~~~~~~~~~~~~~~~~~~~~~~~~~~~~~~~~~~~
  206 |                           " | Velocity: " + std::to_string(obj.velocity_ms) + "m/s").c_str());
      |                           ~~~~~~~~~~~~~~~~~~~~~~~~~~~~~~~~~~~~~~~~~~~~~~~~~~~~~~~~~~~~~~~~~~
/autoware_ws/src/autoware_vision_pilot/VisionPilot/Production_Releases/0.9/src/tracking/../../include/tracking/logging.hpp:21:32: note: expanded from macro 'LOG_INFO'
   21 |   #define LOG_INFO(...) printf(__VA_ARGS__);printf("\n")
      |                                ^~~~~~~~~~~
/autoware_ws/src/autoware_vision_pilot/VisionPilot/Production_Releases/0.9/src/tracking/object_finder.cpp:201:26: note: treat the string as an argument to avoid this
  201 |                 LOG_INFO(("  -> MATCHED Track " + std::to_string(obj.track_id) + 
      |                          ^
      |                          "%s", 
/autoware_ws/src/autoware_vision_pilot/VisionPilot/Production_Releases/0.9/src/tracking/../../include/tracking/logging.hpp:21:32: note: expanded from macro 'LOG_INFO'
   21 |   #define LOG_INFO(...) printf(__VA_ARGS__);printf("\n")
      |                                ^
/autoware_ws/src/autoware_vision_pilot/VisionPilot/Production_Releases/0.9/src/tracking/object_finder.cpp:223:26: warning: format string is not a string literal (potentially insecure) [-Wformat-security]
  223 |                 LOG_INFO(("  -> NEW Track " + std::to_string(obj.track_id) + 
      |                          ^~~~~~~~~~~~~~~~~~~~~~~~~~~~~~~~~~~~~~~~~~~~~~~~~~~
  224 |                           " (class=" + std::to_string(obj.class_id) + ")" +
      |                           ~~~~~~~~~~~~~~~~~~~~~~~~~~~~~~~~~~~~~~~~~~~~~~~~~
  225 |                           " | Initial distance: " + std::to_string(measured_distance) + "m").c_str());
      |                           ~~~~~~~~~~~~~~~~~~~~~~~~~~~~~~~~~~~~~~~~~~~~~~~~~~~~~~~~~~~~~~~~~~~~~~~~~~
/autoware_ws/src/autoware_vision_pilot/VisionPilot/Production_Releases/0.9/src/tracking/../../include/tracking/logging.hpp:21:32: note: expanded from macro 'LOG_INFO'
   21 |   #define LOG_INFO(...) printf(__VA_ARGS__);printf("\n")
      |                                ^~~~~~~~~~~
/autoware_ws/src/autoware_vision_pilot/VisionPilot/Production_Releases/0.9/src/tracking/object_finder.cpp:223:26: note: treat the string as an argument to avoid this
  223 |                 LOG_INFO(("  -> NEW Track " + std::to_string(obj.track_id) + 
      |                          ^
      |                          "%s", 
/autoware_ws/src/autoware_vision_pilot/VisionPilot/Production_Releases/0.9/src/tracking/../../include/tracking/logging.hpp:21:32: note: expanded from macro 'LOG_INFO'
   21 |   #define LOG_INFO(...) printf(__VA_ARGS__);printf("\n")
      |                                ^
/autoware_ws/src/autoware_vision_pilot/VisionPilot/Production_Releases/0.9/src/tracking/object_finder.cpp:259:30: warning: format string is not a string literal (potentially insecure) [-Wformat-security]
  259 |                     LOG_INFO(("  -> UNMATCHED Track " + std::to_string(track.track_id) +
      |                              ^~~~~~~~~~~~~~~~~~~~~~~~~~~~~~~~~~~~~~~~~~~~~~~~~~~~~~~~~~~
  260 |                               " (class=" + std::to_string(track.class_id) + ")" +
      |                               ~~~~~~~~~~~~~~~~~~~~~~~~~~~~~~~~~~~~~~~~~~~~~~~~~~~
  261 |                               " | Frames unmatched: " + std::to_string(track.frames_unmatched) +
      |                               ~~~~~~~~~~~~~~~~~~~~~~~~~~~~~~~~~~~~~~~~~~~~~~~~~~~~~~~~~~~~~~~~~~
  262 |                               " | Keeping alive").c_str());
      |                               ~~~~~~~~~~~~~~~~~~~~~~~~~~~
/autoware_ws/src/autoware_vision_pilot/VisionPilot/Production_Releases/0.9/src/tracking/../../include/tracking/logging.hpp:21:32: note: expanded from macro 'LOG_INFO'
   21 |   #define LOG_INFO(...) printf(__VA_ARGS__);printf("\n")
      |                                ^~~~~~~~~~~
/autoware_ws/src/autoware_vision_pilot/VisionPilot/Production_Releases/0.9/src/tracking/object_finder.cpp:259:30: note: treat the string as an argument to avoid this
  259 |                     LOG_INFO(("  -> UNMATCHED Track " + std::to_string(track.track_id) +
      |                              ^
      |                              "%s", 
/autoware_ws/src/autoware_vision_pilot/VisionPilot/Production_Releases/0.9/src/tracking/../../include/tracking/logging.hpp:21:32: note: expanded from macro 'LOG_INFO'
   21 |   #define LOG_INFO(...) printf(__VA_ARGS__);printf("\n")
      |                                ^
/autoware_ws/src/autoware_vision_pilot/VisionPilot/Production_Releases/0.9/src/tracking/object_finder.cpp:268:30: warning: format string is not a string literal (potentially insecure) [-Wformat-security]
  268 |                     LOG_INFO(("  -> DELETED Track " + std::to_string(track.track_id) +
      |                              ^~~~~~~~~~~~~~~~~~~~~~~~~~~~~~~~~~~~~~~~~~~~~~~~~~~~~~~~~
  269 |                               " (class=" + std::to_string(track.class_id) + ")" +
      |                               ~~~~~~~~~~~~~~~~~~~~~~~~~~~~~~~~~~~~~~~~~~~~~~~~~~~
  270 |                               " | Exceeded max unmatched frames").c_str());
      |                               ~~~~~~~~~~~~~~~~~~~~~~~~~~~~~~~~~~~~~~~~~~~
/autoware_ws/src/autoware_vision_pilot/VisionPilot/Production_Releases/0.9/src/tracking/../../include/tracking/logging.hpp:21:32: note: expanded from macro 'LOG_INFO'
   21 |   #define LOG_INFO(...) printf(__VA_ARGS__);printf("\n")
      |                                ^~~~~~~~~~~
/autoware_ws/src/autoware_vision_pilot/VisionPilot/Production_Releases/0.9/src/tracking/object_finder.cpp:268:30: note: treat the string as an argument to avoid this
  268 |                     LOG_INFO(("  -> DELETED Track " + std::to_string(track.track_id) +
      |                              ^
      |                              "%s", 
/autoware_ws/src/autoware_vision_pilot/VisionPilot/Production_Releases/0.9/src/tracking/../../include/tracking/logging.hpp:21:32: note: expanded from macro 'LOG_INFO'
   21 |   #define LOG_INFO(...) printf(__VA_ARGS__);printf("\n")
      |                                ^
/autoware_ws/src/autoware_vision_pilot/VisionPilot/Production_Releases/0.9/src/tracking/object_finder.cpp:281:18: warning: format string is not a string literal (potentially insecure) [-Wformat-security]
  281 |         LOG_INFO(("=== TRACKING SUMMARY: " + std::to_string(tracked_objects_.size()) + 
      |                  ^~~~~~~~~~~~~~~~~~~~~~~~~~~~~~~~~~~~~~~~~~~~~~~~~~~~~~~~~~~~~~~~~~~~~
  282 |                   " active tracks ===").c_str());
      |                   ~~~~~~~~~~~~~~~~~~~~~~~~~~~~~
/autoware_ws/src/autoware_vision_pilot/VisionPilot/Production_Releases/0.9/src/tracking/../../include/tracking/logging.hpp:21:32: note: expanded from macro 'LOG_INFO'
   21 |   #define LOG_INFO(...) printf(__VA_ARGS__);printf("\n")
      |                                ^~~~~~~~~~~
/autoware_ws/src/autoware_vision_pilot/VisionPilot/Production_Releases/0.9/src/tracking/object_finder.cpp:281:18: note: treat the string as an argument to avoid this
  281 |         LOG_INFO(("=== TRACKING SUMMARY: " + std::to_string(tracked_objects_.size()) + 
      |                  ^
      |                  "%s", 
/autoware_ws/src/autoware_vision_pilot/VisionPilot/Production_Releases/0.9/src/tracking/../../include/tracking/logging.hpp:21:32: note: expanded from macro 'LOG_INFO'
   21 |   #define LOG_INFO(...) printf(__VA_ARGS__);printf("\n")
      |                                ^
/autoware_ws/src/autoware_vision_pilot/VisionPilot/Production_Releases/0.9/src/tracking/object_finder.cpp:312:22: warning: format string is not a string literal (potentially insecure) [-Wformat-security]
  312 |             LOG_INFO(("Level 1 @ " + std::to_string(tracked_objects_[level1_idx].distance_m) + "m, " +
      |                      ^~~~~~~~~~~~~~~~~~~~~~~~~~~~~~~~~~~~~~~~~~~~~~~~~~~~~~~~~~~~~~~~~~~~~~~~~~~~~~~~~
  313 |                       "Level 2 @ " + std::to_string(tracked_objects_[level2_idx].distance_m) + "m -> " +
      |                       ~~~~~~~~~~~~~~~~~~~~~~~~~~~~~~~~~~~~~~~~~~~~~~~~~~~~~~~~~~~~~~~~~~~~~~~~~~~~~~~~~~
  314 |                       "main_CIPO: Track " + std::to_string(selected_cipo.track_id) + 
      |                       ~~~~~~~~~~~~~~~~~~~~~~~~~~~~~~~~~~~~~~~~~~~~~~~~~~~~~~~~~~~~~~
  315 |                       " (Level " + std::to_string(selected_cipo.class_id) + ")").c_str());
      |                       ~~~~~~~~~~~~~~~~~~~~~~~~~~~~~~~~~~~~~~~~~~~~~~~~~~~~~~~~~~~~~~~~~~
/autoware_ws/src/autoware_vision_pilot/VisionPilot/Production_Releases/0.9/src/tracking/../../include/tracking/logging.hpp:21:32: note: expanded from macro 'LOG_INFO'
   21 |   #define LOG_INFO(...) printf(__VA_ARGS__);printf("\n")
      |                                ^~~~~~~~~~~
/autoware_ws/src/autoware_vision_pilot/VisionPilot/Production_Releases/0.9/src/tracking/object_finder.cpp:312:22: note: treat the string as an argument to avoid this
  312 |             LOG_INFO(("Level 1 @ " + std::to_string(tracked_objects_[level1_idx].distance_m) + "m, " +
      |                      ^
      |                      "%s", 
/autoware_ws/src/autoware_vision_pilot/VisionPilot/Production_Releases/0.9/src/tracking/../../include/tracking/logging.hpp:21:32: note: expanded from macro 'LOG_INFO'
   21 |   #define LOG_INFO(...) printf(__VA_ARGS__);printf("\n")
      |                                ^
/autoware_ws/src/autoware_vision_pilot/VisionPilot/Production_Releases/0.9/src/tracking/object_finder.cpp:317:22: warning: format string is not a string literal (potentially insecure) [-Wformat-security]
  317 |             LOG_INFO(("main_CIPO: Track " + std::to_string(selected_cipo.track_id) + 
      |                      ^~~~~~~~~~~~~~~~~~~~~~~~~~~~~~~~~~~~~~~~~~~~~~~~~~~~~~~~~~~~~~~
  318 |                       " (Level " + std::to_string(selected_cipo.class_id) + 
      |                       ~~~~~~~~~~~~~~~~~~~~~~~~~~~~~~~~~~~~~~~~~~~~~~~~~~~~~
  319 |                       ") @ " + std::to_string(selected_cipo.distance_m) + "m").c_str());
      |                       ~~~~~~~~~~~~~~~~~~~~~~~~~~~~~~~~~~~~~~~~~~~~~~~~~~~~~~~~~~~~~~~~
/autoware_ws/src/autoware_vision_pilot/VisionPilot/Production_Releases/0.9/src/tracking/../../include/tracking/logging.hpp:21:32: note: expanded from macro 'LOG_INFO'
   21 |   #define LOG_INFO(...) printf(__VA_ARGS__);printf("\n")
      |                                ^~~~~~~~~~~
/autoware_ws/src/autoware_vision_pilot/VisionPilot/Production_Releases/0.9/src/tracking/object_finder.cpp:317:22: note: treat the string as an argument to avoid this
  317 |             LOG_INFO(("main_CIPO: Track " + std::to_string(selected_cipo.track_id) + 
      |                      ^
      |                      "%s", 
/autoware_ws/src/autoware_vision_pilot/VisionPilot/Production_Releases/0.9/src/tracking/../../include/tracking/logging.hpp:21:32: note: expanded from macro 'LOG_INFO'
   21 |   #define LOG_INFO(...) printf(__VA_ARGS__);printf("\n")
      |                                ^
/autoware_ws/src/autoware_vision_pilot/VisionPilot/Production_Releases/0.9/src/tracking/object_finder.cpp:323:18: warning: format string is not a string literal (potentially insecure) [-Wformat-security]
  323 |         LOG_INFO(("main_CIPO: Track " + std::to_string(selected_cipo.track_id) + 
      |                  ^~~~~~~~~~~~~~~~~~~~~~~~~~~~~~~~~~~~~~~~~~~~~~~~~~~~~~~~~~~~~~~
  324 |                   " (Level " + std::to_string(selected_cipo.class_id) + 
      |                   ~~~~~~~~~~~~~~~~~~~~~~~~~~~~~~~~~~~~~~~~~~~~~~~~~~~~~
  325 |                   ") @ " + std::to_string(selected_cipo.distance_m) + "m, " + 
      |                   ~~~~~~~~~~~~~~~~~~~~~~~~~~~~~~~~~~~~~~~~~~~~~~~~~~~~~~~~~~~
  326 |                   std::to_string(selected_cipo.velocity_ms) + "m/s").c_str());
      |                   ~~~~~~~~~~~~~~~~~~~~~~~~~~~~~~~~~~~~~~~~~~~~~~~~~~~~~~~~~~
/autoware_ws/src/autoware_vision_pilot/VisionPilot/Production_Releases/0.9/src/tracking/../../include/tracking/logging.hpp:21:32: note: expanded from macro 'LOG_INFO'
   21 |   #define LOG_INFO(...) printf(__VA_ARGS__);printf("\n")
      |                                ^~~~~~~~~~~
/autoware_ws/src/autoware_vision_pilot/VisionPilot/Production_Releases/0.9/src/tracking/object_finder.cpp:323:18: note: treat the string as an argument to avoid this
  323 |         LOG_INFO(("main_CIPO: Track " + std::to_string(selected_cipo.track_id) + 
      |                  ^
      |                  "%s", 
/autoware_ws/src/autoware_vision_pilot/VisionPilot/Production_Releases/0.9/src/tracking/../../include/tracking/logging.hpp:21:32: note: expanded from macro 'LOG_INFO'
   21 |   #define LOG_INFO(...) printf(__VA_ARGS__);printf("\n")
      |                                ^
/autoware_ws/src/autoware_vision_pilot/VisionPilot/Production_Releases/0.9/src/tracking/object_finder.cpp:358:14: warning: format string is not a string literal (potentially insecure) [-Wformat-security]
  358 |     LOG_INFO(("main_CIPO CHANGED: Track " + std::to_string(prev_main_cipo->track_id) + 
      |              ^~~~~~~~~~~~~~~~~~~~~~~~~~~~~~~~~~~~~~~~~~~~~~~~~~~~~~~~~~~~~~~~~~~~~~~~~
  359 |               " (Level " + std::to_string(prev_main_cipo->class_id) + ", " + 
      |               ~~~~~~~~~~~~~~~~~~~~~~~~~~~~~~~~~~~~~~~~~~~~~~~~~~~~~~~~~~~~~~
  360 |               std::to_string(prev_main_cipo->distance_m) + "m) -> Track " + 
      |               ~~~~~~~~~~~~~~~~~~~~~~~~~~~~~~~~~~~~~~~~~~~~~~~~~~~~~~~~~~~~~
  361 |               std::to_string(curr_main_cipo->track_id) + 
      |               ~~~~~~~~~~~~~~~~~~~~~~~~~~~~~~~~~~~~~~~~~~
  362 |               " (Level " + std::to_string(curr_main_cipo->class_id) + ", " + 
      |               ~~~~~~~~~~~~~~~~~~~~~~~~~~~~~~~~~~~~~~~~~~~~~~~~~~~~~~~~~~~~~~
  363 |               std::to_string(curr_main_cipo->distance_m) + "m)").c_str());
      |               ~~~~~~~~~~~~~~~~~~~~~~~~~~~~~~~~~~~~~~~~~~~~~~~~~~~~~~~~~~
/autoware_ws/src/autoware_vision_pilot/VisionPilot/Production_Releases/0.9/src/tracking/../../include/tracking/logging.hpp:21:32: note: expanded from macro 'LOG_INFO'
   21 |   #define LOG_INFO(...) printf(__VA_ARGS__);printf("\n")
      |                                ^~~~~~~~~~~
/autoware_ws/src/autoware_vision_pilot/VisionPilot/Production_Releases/0.9/src/tracking/object_finder.cpp:358:14: note: treat the string as an argument to avoid this
  358 |     LOG_INFO(("main_CIPO CHANGED: Track " + std::to_string(prev_main_cipo->track_id) + 
      |              ^
      |              "%s", 
/autoware_ws/src/autoware_vision_pilot/VisionPilot/Production_Releases/0.9/src/tracking/../../include/tracking/logging.hpp:21:32: note: expanded from macro 'LOG_INFO'
   21 |   #define LOG_INFO(...) printf(__VA_ARGS__);printf("\n")
      |                                ^
3 warnings generated.
13 warnings generated.
---
Finished <<< visionpilot [12.3s]

Summary: 1 package finished [12.5s]
  1 package had stderr output: visionpilot
